d:\visual studio\procedure\advanced-programing-project1\code\debug\vc142.pdb
d:\visual studio\procedure\advanced-programing-project1\code\debug\vc142.idb
d:\visual studio\procedure\advanced-programing-project1\code\debug\user.obj
d:\visual studio\procedure\advanced-programing-project1\code\debug\seller.obj
d:\visual studio\procedure\advanced-programing-project1\code\debug\order.obj
d:\visual studio\procedure\advanced-programing-project1\code\debug\main.obj
d:\visual studio\procedure\advanced-programing-project1\code\debug\isql.obj
d:\visual studio\procedure\advanced-programing-project1\code\debug\initial interface.obj
d:\visual studio\procedure\advanced-programing-project1\code\debug\datebase.obj
d:\visual studio\procedure\advanced-programing-project1\code\debug\commodity.obj
d:\visual studio\procedure\advanced-programing-project1\code\debug\calculator.obj
d:\visual studio\procedure\advanced-programing-project1\code\debug\buyer.obj
d:\visual studio\procedure\advanced-programing-project1\code\debug\administrator.obj
d:\visual studio\procedure\advanced-programing-project1\code\debug\advanced programing project1.exe
d:\visual studio\procedure\advanced-programing-project1\code\debug\advanced programing project1.ilk
d:\visual studio\procedure\advanced-programing-project1\code\debug\advanced programing project1.pdb
d:\visual studio\procedure\advanced-programing-project1\code\debug\buyer.obj.enc
d:\visual studio\procedure\advanced-programing-project1\code\debug\advanced.e39ba3cf.tlog\cl.command.1.tlog
d:\visual studio\procedure\advanced-programing-project1\code\debug\advanced.e39ba3cf.tlog\cl.read.1.tlog
d:\visual studio\procedure\advanced-programing-project1\code\debug\advanced.e39ba3cf.tlog\cl.write.1.tlog
d:\visual studio\procedure\advanced-programing-project1\code\debug\advanced.e39ba3cf.tlog\link.command.1.tlog
d:\visual studio\procedure\advanced-programing-project1\code\debug\advanced.e39ba3cf.tlog\link.read.1.tlog
d:\visual studio\procedure\advanced-programing-project1\code\debug\advanced.e39ba3cf.tlog\link.write.1.tlog
