  Administrator.cpp
  Buyer.cpp
  Calculator.cpp
D:\Visual Studio\Procedure\Advanced-Programing-Project1\Code\Calculator.cpp(12,20): warning C4018: “<”: 有符号/无符号不匹配
D:\Visual Studio\Procedure\Advanced-Programing-Project1\Code\Calculator.cpp(51,24): warning C4018: “<”: 有符号/无符号不匹配
D:\Visual Studio\Procedure\Advanced-Programing-Project1\Code\Calculator.cpp(169,24): warning C4018: “<”: 有符号/无符号不匹配
D:\Visual Studio\Procedure\Advanced-Programing-Project1\Code\Calculator.cpp(214,20): warning C4018: “<”: 有符号/无符号不匹配
  Commodity.cpp
  Datebase.cpp
D:\Visual Studio\Procedure\Advanced-Programing-Project1\Code\Datebase.cpp(36,25): warning C4018: “<”: 有符号/无符号不匹配
D:\Visual Studio\Procedure\Advanced-Programing-Project1\Code\Datebase.cpp(97,25): warning C4018: “<”: 有符号/无符号不匹配
D:\Visual Studio\Procedure\Advanced-Programing-Project1\Code\Datebase.cpp(151,25): warning C4018: “<”: 有符号/无符号不匹配
  initial Interface.cpp
  iSQL.cpp
D:\Visual Studio\Procedure\Advanced-Programing-Project1\Code\iSQL.cpp(361,25): warning C4018: “<”: 有符号/无符号不匹配
  main.cpp
  Order.cpp
  Seller.cpp
D:\Visual Studio\Procedure\Advanced-Programing-Project1\Code\Seller.cpp(99,35): warning C4018: “<”: 有符号/无符号不匹配
  User.cpp
D:\Visual Studio\Procedure\Advanced-Programing-Project1\Code\User.cpp(32,20): warning C4018: “<”: 有符号/无符号不匹配
  正在生成代码...
  Advanced Programing Project1.vcxproj -> D:\Visual Studio\Procedure\Advanced-Programing-Project1\Code\Debug\Advanced Programing Project1.exe
